{"D:\\Meatac\\task-manager\\src\\api\\taskapi.ts": {"path":"D:\\Meatac\\task-manager\\src\\api\\taskapi.ts","statementMap":{"0":{"start":{"line":1,"column":17},"end":{"line":1,"column":null}},"1":{"start":{"line":3,"column":24},"end":{"line":13,"column":null}},"2":{"start":{"line":4,"column":14},"end":{"line":8,"column":null}},"3":{"start":{"line":10,"column":2},"end":{"line":10,"column":null}},"4":{"start":{"line":10,"column":15},"end":{"line":10,"column":null}},"5":{"start":{"line":12,"column":2},"end":{"line":12,"column":null}},"6":{"start":{"line":15,"column":27},"end":{"line":19,"column":null}},"7":{"start":{"line":16,"column":14},"end":{"line":16,"column":null}},"8":{"start":{"line":17,"column":2},"end":{"line":17,"column":null}},"9":{"start":{"line":17,"column":15},"end":{"line":17,"column":null}},"10":{"start":{"line":18,"column":2},"end":{"line":18,"column":null}},"11":{"start":{"line":28,"column":29},"end":{"line":36,"column":null}},"12":{"start":{"line":29,"column":14},"end":{"line":33,"column":null}},"13":{"start":{"line":34,"column":2},"end":{"line":34,"column":null}},"14":{"start":{"line":34,"column":15},"end":{"line":34,"column":null}},"15":{"start":{"line":35,"column":2},"end":{"line":35,"column":null}},"16":{"start":{"line":38,"column":29},"end":{"line":46,"column":null}},"17":{"start":{"line":39,"column":14},"end":{"line":43,"column":null}},"18":{"start":{"line":44,"column":2},"end":{"line":44,"column":null}},"19":{"start":{"line":44,"column":15},"end":{"line":44,"column":null}},"20":{"start":{"line":45,"column":2},"end":{"line":45,"column":null}},"21":{"start":{"line":48,"column":29},"end":{"line":54,"column":null}},"22":{"start":{"line":49,"column":14},"end":{"line":51,"column":null}},"23":{"start":{"line":52,"column":2},"end":{"line":52,"column":null}},"24":{"start":{"line":52,"column":15},"end":{"line":52,"column":null}},"25":{"start":{"line":53,"column":2},"end":{"line":53,"column":null}}},"fnMap":{"0":{"name":"(anonymous_0)","decl":{"start":{"line":3,"column":24},"end":{"line":3,"column":31}},"loc":{"start":{"line":3,"column":67},"end":{"line":13,"column":null}},"line":3},"1":{"name":"(anonymous_1)","decl":{"start":{"line":15,"column":27},"end":{"line":15,"column":39}},"loc":{"start":{"line":15,"column":39},"end":{"line":19,"column":null}},"line":15},"2":{"name":"(anonymous_2)","decl":{"start":{"line":28,"column":29},"end":{"line":28,"column":36}},"loc":{"start":{"line":28,"column":51},"end":{"line":36,"column":null}},"line":28},"3":{"name":"(anonymous_3)","decl":{"start":{"line":38,"column":29},"end":{"line":38,"column":36}},"loc":{"start":{"line":38,"column":75},"end":{"line":46,"column":null}},"line":38},"4":{"name":"(anonymous_4)","decl":{"start":{"line":48,"column":29},"end":{"line":48,"column":36}},"loc":{"start":{"line":48,"column":51},"end":{"line":54,"column":null}},"line":48}},"branchMap":{"0":{"loc":{"start":{"line":10,"column":2},"end":{"line":10,"column":null}},"type":"if","locations":[{"start":{"line":10,"column":2},"end":{"line":10,"column":null}},{"start":{},"end":{}}],"line":10},"1":{"loc":{"start":{"line":17,"column":2},"end":{"line":17,"column":null}},"type":"if","locations":[{"start":{"line":17,"column":2},"end":{"line":17,"column":null}},{"start":{},"end":{}}],"line":17},"2":{"loc":{"start":{"line":34,"column":2},"end":{"line":34,"column":null}},"type":"if","locations":[{"start":{"line":34,"column":2},"end":{"line":34,"column":null}},{"start":{},"end":{}}],"line":34},"3":{"loc":{"start":{"line":44,"column":2},"end":{"line":44,"column":null}},"type":"if","locations":[{"start":{"line":44,"column":2},"end":{"line":44,"column":null}},{"start":{},"end":{}}],"line":44},"4":{"loc":{"start":{"line":52,"column":2},"end":{"line":52,"column":null}},"type":"if","locations":[{"start":{"line":52,"column":2},"end":{"line":52,"column":null}},{"start":{},"end":{}}],"line":52}},"s":{"0":3,"1":3,"2":0,"3":0,"4":0,"5":0,"6":3,"7":2,"8":2,"9":1,"10":1,"11":3,"12":2,"13":2,"14":1,"15":1,"16":3,"17":2,"18":2,"19":1,"20":1,"21":3,"22":2,"23":2,"24":1,"25":1},"f":{"0":0,"1":2,"2":2,"3":2,"4":2},"b":{"0":[0,0],"1":[1,1],"2":[1,1],"3":[1,1],"4":[1,1]},"meta":{"lastBranch":5,"lastFunction":5,"lastStatement":26,"seen":{"s:1:17:1:Infinity":0,"s:3:24:13:Infinity":1,"f:3:24:3:31":0,"s:4:14:8:Infinity":2,"b:10:2:10:Infinity:undefined:undefined:undefined:undefined":0,"s:10:2:10:Infinity":3,"s:10:15:10:Infinity":4,"s:12:2:12:Infinity":5,"s:15:27:19:Infinity":6,"f:15:27:15:39":1,"s:16:14:16:Infinity":7,"b:17:2:17:Infinity:undefined:undefined:undefined:undefined":1,"s:17:2:17:Infinity":8,"s:17:15:17:Infinity":9,"s:18:2:18:Infinity":10,"s:28:29:36:Infinity":11,"f:28:29:28:36":2,"s:29:14:33:Infinity":12,"b:34:2:34:Infinity:undefined:undefined:undefined:undefined":2,"s:34:2:34:Infinity":13,"s:34:15:34:Infinity":14,"s:35:2:35:Infinity":15,"s:38:29:46:Infinity":16,"f:38:29:38:36":3,"s:39:14:43:Infinity":17,"b:44:2:44:Infinity:undefined:undefined:undefined:undefined":3,"s:44:2:44:Infinity":18,"s:44:15:44:Infinity":19,"s:45:2:45:Infinity":20,"s:48:29:54:Infinity":21,"f:48:29:48:36":4,"s:49:14:51:Infinity":22,"b:52:2:52:Infinity:undefined:undefined:undefined:undefined":4,"s:52:2:52:Infinity":23,"s:52:15:52:Infinity":24,"s:53:2:53:Infinity":25}}}
,"D:\\Meatac\\task-manager\\src\\features\\auth\\authSlice.ts": {"path":"D:\\Meatac\\task-manager\\src\\features\\auth\\authSlice.ts","statementMap":{"0":{"start":{"line":11,"column":13},"end":{"line":22,"column":null}},"1":{"start":{"line":13,"column":2},"end":{"line":21,"column":null}},"2":{"start":{"line":14,"column":21},"end":{"line":14,"column":null}},"3":{"start":{"line":15,"column":4},"end":{"line":15,"column":null}},"4":{"start":{"line":18,"column":4},"end":{"line":20,"column":null}},"5":{"start":{"line":24,"column":32},"end":{"line":28,"column":null}},"6":{"start":{"line":30,"column":6},"end":{"line":55,"column":null}},"7":{"start":{"line":35,"column":6},"end":{"line":35,"column":null}},"8":{"start":{"line":36,"column":6},"end":{"line":36,"column":null}},"9":{"start":{"line":40,"column":4},"end":{"line":53,"column":null}},"10":{"start":{"line":42,"column":8},"end":{"line":42,"column":null}},"11":{"start":{"line":43,"column":8},"end":{"line":43,"column":null}},"12":{"start":{"line":46,"column":8},"end":{"line":46,"column":null}},"13":{"start":{"line":47,"column":8},"end":{"line":47,"column":null}},"14":{"start":{"line":48,"column":8},"end":{"line":48,"column":null}},"15":{"start":{"line":51,"column":8},"end":{"line":51,"column":null}},"16":{"start":{"line":52,"column":8},"end":{"line":52,"column":null}},"17":{"start":{"line":57,"column":26},"end":{"line":57,"column":null}}},"fnMap":{"0":{"name":"(anonymous_0)","decl":{"start":{"line":12,"column":15},"end":{"line":12,"column":22}},"loc":{"start":{"line":12,"column":59},"end":{"line":22,"column":1}},"line":12},"1":{"name":"(anonymous_1)","decl":{"start":{"line":34,"column":12},"end":{"line":34,"column":13}},"loc":{"start":{"line":34,"column":23},"end":{"line":37,"column":null}},"line":34},"2":{"name":"(anonymous_2)","decl":{"start":{"line":39,"column":17},"end":{"line":39,"column":18}},"loc":{"start":{"line":39,"column":30},"end":{"line":54,"column":null}},"line":39},"3":{"name":"(anonymous_3)","decl":{"start":{"line":41,"column":30},"end":{"line":41,"column":31}},"loc":{"start":{"line":41,"column":41},"end":{"line":44,"column":7}},"line":41},"4":{"name":"(anonymous_4)","decl":{"start":{"line":45,"column":32},"end":{"line":45,"column":33}},"loc":{"start":{"line":45,"column":51},"end":{"line":49,"column":7}},"line":45},"5":{"name":"(anonymous_5)","decl":{"start":{"line":50,"column":31},"end":{"line":50,"column":32}},"loc":{"start":{"line":50,"column":50},"end":{"line":53,"column":7}},"line":50}},"branchMap":{"0":{"loc":{"start":{"line":19,"column":6},"end":{"line":19,"column":null}},"type":"binary-expr","locations":[{"start":{"line":19,"column":6},"end":{"line":19,"column":39}},{"start":{"line":19,"column":39},"end":{"line":19,"column":null}}],"line":19},"1":{"loc":{"start":{"line":52,"column":22},"end":{"line":52,"column":null}},"type":"binary-expr","locations":[{"start":{"line":52,"column":22},"end":{"line":52,"column":40}},{"start":{"line":52,"column":40},"end":{"line":52,"column":null}}],"line":52}},"s":{"0":2,"1":3,"2":3,"3":1,"4":2,"5":2,"6":2,"7":1,"8":1,"9":2,"10":4,"11":4,"12":2,"13":2,"14":2,"15":3,"16":3,"17":2},"f":{"0":3,"1":1,"2":2,"3":4,"4":2,"5":3},"b":{"0":[2,1],"1":[3,0]},"meta":{"lastBranch":2,"lastFunction":6,"lastStatement":18,"seen":{"s:11:13:22:Infinity":0,"f:12:15:12:22":0,"s:13:2:21:Infinity":1,"s:14:21:14:Infinity":2,"s:15:4:15:Infinity":3,"s:18:4:20:Infinity":4,"b:19:6:19:39:19:39:19:Infinity":0,"s:24:32:28:Infinity":5,"s:30:6:55:Infinity":6,"f:34:12:34:13":1,"s:35:6:35:Infinity":7,"s:36:6:36:Infinity":8,"f:39:17:39:18":2,"s:40:4:53:Infinity":9,"f:41:30:41:31":3,"s:42:8:42:Infinity":10,"s:43:8:43:Infinity":11,"f:45:32:45:33":4,"s:46:8:46:Infinity":12,"s:47:8:47:Infinity":13,"s:48:8:48:Infinity":14,"f:50:31:50:32":5,"s:51:8:51:Infinity":15,"s:52:8:52:Infinity":16,"b:52:22:52:40:52:40:52:Infinity":1,"s:57:26:57:Infinity":17}}}
,"D:\\Meatac\\task-manager\\src\\features\\task\\taskSlice.ts": {"path":"D:\\Meatac\\task-manager\\src\\features\\task\\taskSlice.ts","statementMap":{"0":{"start":{"line":26,"column":32},"end":{"line":31,"column":null}},"1":{"start":{"line":37,"column":13},"end":{"line":47,"column":null}},"2":{"start":{"line":40,"column":4},"end":{"line":45,"column":null}},"3":{"start":{"line":41,"column":6},"end":{"line":41,"column":null}},"4":{"start":{"line":43,"column":22},"end":{"line":43,"column":null}},"5":{"start":{"line":44,"column":6},"end":{"line":44,"column":null}},"6":{"start":{"line":49,"column":13},"end":{"line":67,"column":null}},"7":{"start":{"line":60,"column":4},"end":{"line":65,"column":null}},"8":{"start":{"line":61,"column":6},"end":{"line":61,"column":null}},"9":{"start":{"line":63,"column":22},"end":{"line":63,"column":null}},"10":{"start":{"line":64,"column":6},"end":{"line":64,"column":null}},"11":{"start":{"line":69,"column":13},"end":{"line":83,"column":null}},"12":{"start":{"line":75,"column":4},"end":{"line":81,"column":null}},"13":{"start":{"line":76,"column":6},"end":{"line":76,"column":null}},"14":{"start":{"line":77,"column":6},"end":{"line":77,"column":null}},"15":{"start":{"line":79,"column":22},"end":{"line":79,"column":null}},"16":{"start":{"line":80,"column":6},"end":{"line":80,"column":null}},"17":{"start":{"line":85,"column":13},"end":{"line":96,"column":null}},"18":{"start":{"line":88,"column":4},"end":{"line":94,"column":null}},"19":{"start":{"line":89,"column":6},"end":{"line":89,"column":null}},"20":{"start":{"line":90,"column":6},"end":{"line":90,"column":null}},"21":{"start":{"line":92,"column":22},"end":{"line":92,"column":null}},"22":{"start":{"line":93,"column":6},"end":{"line":93,"column":null}},"23":{"start":{"line":102,"column":6},"end":{"line":164,"column":null}},"24":{"start":{"line":112,"column":6},"end":{"line":112,"column":null}},"25":{"start":{"line":117,"column":2},"end":{"line":161,"column":null}},"26":{"start":{"line":121,"column":6},"end":{"line":121,"column":null}},"27":{"start":{"line":122,"column":6},"end":{"line":122,"column":null}},"28":{"start":{"line":125,"column":6},"end":{"line":125,"column":null}},"29":{"start":{"line":126,"column":6},"end":{"line":126,"column":null}},"30":{"start":{"line":129,"column":6},"end":{"line":129,"column":null}},"31":{"start":{"line":130,"column":6},"end":{"line":130,"column":null}},"32":{"start":{"line":135,"column":6},"end":{"line":135,"column":null}},"33":{"start":{"line":138,"column":6},"end":{"line":138,"column":null}},"34":{"start":{"line":143,"column":30},"end":{"line":143,"column":null}},"35":{"start":{"line":144,"column":19},"end":{"line":144,"column":null}},"36":{"start":{"line":144,"column":43},"end":{"line":144,"column":54}},"37":{"start":{"line":145,"column":6},"end":{"line":147,"column":null}},"38":{"start":{"line":146,"column":8},"end":{"line":146,"column":null}},"39":{"start":{"line":150,"column":6},"end":{"line":150,"column":null}},"40":{"start":{"line":155,"column":6},"end":{"line":157,"column":null}},"41":{"start":{"line":156,"column":18},"end":{"line":156,"column":null}},"42":{"start":{"line":160,"column":6},"end":{"line":160,"column":null}},"43":{"start":{"line":166,"column":29},"end":{"line":166,"column":null}}},"fnMap":{"0":{"name":"(anonymous_0)","decl":{"start":{"line":39,"column":2},"end":{"line":39,"column":9}},"loc":{"start":{"line":39,"column":36},"end":{"line":46,"column":null}},"line":39},"1":{"name":"(anonymous_1)","decl":{"start":{"line":51,"column":2},"end":{"line":51,"column":null}},"loc":{"start":{"line":59,"column":7},"end":{"line":66,"column":null}},"line":59},"2":{"name":"(anonymous_2)","decl":{"start":{"line":71,"column":2},"end":{"line":71,"column":null}},"loc":{"start":{"line":74,"column":7},"end":{"line":82,"column":null}},"line":74},"3":{"name":"(anonymous_3)","decl":{"start":{"line":87,"column":2},"end":{"line":87,"column":9}},"loc":{"start":{"line":87,"column":45},"end":{"line":95,"column":null}},"line":87},"4":{"name":"(anonymous_4)","decl":{"start":{"line":106,"column":15},"end":{"line":106,"column":null}},"loc":{"start":{"line":111,"column":9},"end":{"line":113,"column":null}},"line":111},"5":{"name":"(anonymous_5)","decl":{"start":{"line":116,"column":17},"end":{"line":116,"column":18}},"loc":{"start":{"line":116,"column":30},"end":{"line":162,"column":null}},"line":116},"6":{"name":"(anonymous_6)","decl":{"start":{"line":120,"column":33},"end":{"line":120,"column":34}},"loc":{"start":{"line":120,"column":44},"end":{"line":123,"column":5}},"line":120},"7":{"name":"(anonymous_7)","decl":{"start":{"line":124,"column":35},"end":{"line":124,"column":36}},"loc":{"start":{"line":124,"column":54},"end":{"line":127,"column":5}},"line":124},"8":{"name":"(anonymous_8)","decl":{"start":{"line":128,"column":34},"end":{"line":128,"column":35}},"loc":{"start":{"line":128,"column":53},"end":{"line":131,"column":5}},"line":128},"9":{"name":"(anonymous_9)","decl":{"start":{"line":134,"column":32},"end":{"line":134,"column":33}},"loc":{"start":{"line":134,"column":51},"end":{"line":136,"column":5}},"line":134},"10":{"name":"(anonymous_10)","decl":{"start":{"line":137,"column":31},"end":{"line":137,"column":32}},"loc":{"start":{"line":137,"column":50},"end":{"line":139,"column":5}},"line":137},"11":{"name":"(anonymous_11)","decl":{"start":{"line":142,"column":33},"end":{"line":142,"column":34}},"loc":{"start":{"line":142,"column":52},"end":{"line":148,"column":5}},"line":142},"12":{"name":"(anonymous_12)","decl":{"start":{"line":144,"column":36},"end":{"line":144,"column":37}},"loc":{"start":{"line":144,"column":43},"end":{"line":144,"column":54}},"line":144},"13":{"name":"(anonymous_13)","decl":{"start":{"line":149,"column":32},"end":{"line":149,"column":33}},"loc":{"start":{"line":149,"column":51},"end":{"line":151,"column":5}},"line":149},"14":{"name":"(anonymous_14)","decl":{"start":{"line":154,"column":35},"end":{"line":154,"column":36}},"loc":{"start":{"line":154,"column":54},"end":{"line":158,"column":5}},"line":154},"15":{"name":"(anonymous_15)","decl":{"start":{"line":156,"column":8},"end":{"line":156,"column":9}},"loc":{"start":{"line":156,"column":18},"end":{"line":156,"column":null}},"line":156},"16":{"name":"(anonymous_16)","decl":{"start":{"line":159,"column":34},"end":{"line":159,"column":35}},"loc":{"start":{"line":159,"column":53},"end":{"line":161,"column":5}},"line":159}},"branchMap":{"0":{"loc":{"start":{"line":43,"column":22},"end":{"line":43,"column":null}},"type":"cond-expr","locations":[{"start":{"line":43,"column":47},"end":{"line":43,"column":63}},{"start":{"line":43,"column":63},"end":{"line":43,"column":null}}],"line":43},"1":{"loc":{"start":{"line":63,"column":22},"end":{"line":63,"column":null}},"type":"cond-expr","locations":[{"start":{"line":63,"column":47},"end":{"line":63,"column":63}},{"start":{"line":63,"column":63},"end":{"line":63,"column":null}}],"line":63},"2":{"loc":{"start":{"line":79,"column":22},"end":{"line":79,"column":null}},"type":"cond-expr","locations":[{"start":{"line":79,"column":47},"end":{"line":79,"column":63}},{"start":{"line":79,"column":63},"end":{"line":79,"column":null}}],"line":79},"3":{"loc":{"start":{"line":92,"column":22},"end":{"line":92,"column":null}},"type":"cond-expr","locations":[{"start":{"line":92,"column":47},"end":{"line":92,"column":63}},{"start":{"line":92,"column":63},"end":{"line":92,"column":null}}],"line":92},"4":{"loc":{"start":{"line":145,"column":6},"end":{"line":147,"column":null}},"type":"if","locations":[{"start":{"line":145,"column":6},"end":{"line":147,"column":null}},{"start":{},"end":{}}],"line":145}},"s":{"0":2,"1":2,"2":2,"3":2,"4":1,"5":1,"6":2,"7":2,"8":2,"9":1,"10":1,"11":2,"12":3,"13":3,"14":2,"15":1,"16":1,"17":2,"18":2,"19":2,"20":1,"21":1,"22":1,"23":2,"24":1,"25":2,"26":3,"27":3,"28":2,"29":2,"30":2,"31":2,"32":2,"33":1,"34":3,"35":3,"36":2,"37":3,"38":2,"39":1,"40":2,"41":2,"42":1,"43":2},"f":{"0":2,"1":2,"2":3,"3":2,"4":1,"5":2,"6":3,"7":2,"8":2,"9":2,"10":1,"11":3,"12":2,"13":1,"14":2,"15":2,"16":1},"b":{"0":[1,0],"1":[1,0],"2":[1,0],"3":[1,0],"4":[2,1]},"meta":{"lastBranch":5,"lastFunction":17,"lastStatement":44,"seen":{"s:26:32:31:Infinity":0,"s:37:13:47:Infinity":1,"f:39:2:39:9":0,"s:40:4:45:Infinity":2,"s:41:6:41:Infinity":3,"s:43:22:43:Infinity":4,"b:43:47:43:63:43:63:43:Infinity":0,"s:44:6:44:Infinity":5,"s:49:13:67:Infinity":6,"f:51:2:51:Infinity":1,"s:60:4:65:Infinity":7,"s:61:6:61:Infinity":8,"s:63:22:63:Infinity":9,"b:63:47:63:63:63:63:63:Infinity":1,"s:64:6:64:Infinity":10,"s:69:13:83:Infinity":11,"f:71:2:71:Infinity":2,"s:75:4:81:Infinity":12,"s:76:6:76:Infinity":13,"s:77:6:77:Infinity":14,"s:79:22:79:Infinity":15,"b:79:47:79:63:79:63:79:Infinity":2,"s:80:6:80:Infinity":16,"s:85:13:96:Infinity":17,"f:87:2:87:9":3,"s:88:4:94:Infinity":18,"s:89:6:89:Infinity":19,"s:90:6:90:Infinity":20,"s:92:22:92:Infinity":21,"b:92:47:92:63:92:63:92:Infinity":3,"s:93:6:93:Infinity":22,"s:102:6:164:Infinity":23,"f:106:15:106:Infinity":4,"s:112:6:112:Infinity":24,"f:116:17:116:18":5,"s:117:2:161:Infinity":25,"f:120:33:120:34":6,"s:121:6:121:Infinity":26,"s:122:6:122:Infinity":27,"f:124:35:124:36":7,"s:125:6:125:Infinity":28,"s:126:6:126:Infinity":29,"f:128:34:128:35":8,"s:129:6:129:Infinity":30,"s:130:6:130:Infinity":31,"f:134:32:134:33":9,"s:135:6:135:Infinity":32,"f:137:31:137:32":10,"s:138:6:138:Infinity":33,"f:142:33:142:34":11,"s:143:30:143:Infinity":34,"s:144:19:144:Infinity":35,"f:144:36:144:37":12,"s:144:43:144:54":36,"b:145:6:147:Infinity:undefined:undefined:undefined:undefined":4,"s:145:6:147:Infinity":37,"s:146:8:146:Infinity":38,"f:149:32:149:33":13,"s:150:6:150:Infinity":39,"f:154:35:154:36":14,"s:155:6:157:Infinity":40,"f:156:8:156:9":15,"s:156:18:156:Infinity":41,"f:159:34:159:35":16,"s:160:6:160:Infinity":42,"s:166:29:166:Infinity":43}}}
}
